2010.06.03 19:08 B D:\배드민턴마트\design\email\img\dot01.gif <-- 배드민턴마트 /test/email/img dot01.gif
2010.06.03 19:08 B D:\배드민턴마트\design\email\img\login_img01.gif <-- 배드민턴마트 /test/email/img login_img01.gif
2010.06.03 19:08 B D:\배드민턴마트\design\email\img\login_img02.gif <-- 배드민턴마트 /test/email/img login_img02.gif
2010.06.03 19:08 B D:\배드민턴마트\design\email\img\login_img03.gif <-- 배드민턴마트 /test/email/img login_img03.gif
2010.06.03 19:08 B D:\배드민턴마트\design\email\img\subb_b1.gif <-- 배드민턴마트 /test/email/img subb_b1.gif
2010.06.03 19:08 B D:\배드민턴마트\design\email\img\subb_b2.gif <-- 배드민턴마트 /test/email/img subb_b2.gif
2010.06.03 19:08 B D:\배드민턴마트\design\email\img\subb_b3.gif <-- 배드민턴마트 /test/email/img subb_b3.gif
2010.06.03 19:08 B D:\배드민턴마트\design\email\img\subb_l1.gif <-- 배드민턴마트 /test/email/img subb_l1.gif
2010.06.03 19:08 B D:\배드민턴마트\design\email\img\subb_r1.gif <-- 배드민턴마트 /test/email/img subb_r1.gif
2010.06.03 19:08 B D:\배드민턴마트\design\email\img\subb_t1.gif <-- 배드민턴마트 /test/email/img subb_t1.gif
2010.06.03 19:08 B D:\배드민턴마트\design\email\img\subb_t2.gif <-- 배드민턴마트 /test/email/img subb_t2.gif
2010.06.03 19:08 B D:\배드민턴마트\design\email\img\subb_t3.gif <-- 배드민턴마트 /test/email/img subb_t3.gif
2010.06.03 19:08 B D:\배드민턴마트\design\email\img\table_B.jpg <-- 배드민턴마트 /test/email/img table_B.jpg
2010.06.03 19:08 B D:\배드민턴마트\design\email\img\table_M_bg.jpg <-- 배드민턴마트 /test/email/img table_M_bg.jpg
2010.06.03 19:08 B D:\배드민턴마트\design\email\img\table_T_Logo.jpg <-- 배드민턴마트 /test/email/img table_T_Logo.jpg
2010.06.03 19:08 B D:\배드민턴마트\design\email\img\text_idlost.gif <-- 배드민턴마트 /test/email/img text_idlost.gif
2010.06.03 19:08 B D:\배드민턴마트\design\email\img\text_mem.gif <-- 배드민턴마트 /test/email/img text_mem.gif
2010.06.03 19:08 B D:\배드민턴마트\design\email\img\text_order.gif <-- 배드민턴마트 /test/email/img text_order.gif
2010.06.03 19:08 B D:\배드민턴마트\design\email\img\text_pwlost.gif <-- 배드민턴마트 /test/email/img text_pwlost.gif
2010.06.03 19:08 B D:\배드민턴마트\design\email\img\Thumbs.db <-- 배드민턴마트 /test/email/img Thumbs.db
2010.06.03 19:08 B D:\배드민턴마트\design\email\img\title_icon.gif <-- 배드민턴마트 /test/email/img title_icon.gif
2010.06.03 19:08 B D:\배드민턴마트\design\email\img\dot01.gif --> www.badmintonmart.com /shop/skin/email/img dot01.gif
2010.06.03 19:08 B D:\배드민턴마트\design\email\img\login_img01.gif --> www.badmintonmart.com /shop/skin/email/img login_img01.gif
2010.06.03 19:08 B D:\배드민턴마트\design\email\img\login_img02.gif --> www.badmintonmart.com /shop/skin/email/img login_img02.gif
2010.06.03 19:08 B D:\배드민턴마트\design\email\img\login_img03.gif --> www.badmintonmart.com /shop/skin/email/img login_img03.gif
2010.06.03 19:08 B D:\배드민턴마트\design\email\img\subb_b1.gif --> www.badmintonmart.com /shop/skin/email/img subb_b1.gif
2010.06.03 19:08 B D:\배드민턴마트\design\email\img\subb_b2.gif --> www.badmintonmart.com /shop/skin/email/img subb_b2.gif
2010.06.03 19:08 B D:\배드민턴마트\design\email\img\subb_b3.gif --> www.badmintonmart.com /shop/skin/email/img subb_b3.gif
2010.06.03 19:08 B D:\배드민턴마트\design\email\img\subb_l1.gif --> www.badmintonmart.com /shop/skin/email/img subb_l1.gif
2010.06.03 19:08 B D:\배드민턴마트\design\email\img\subb_r1.gif --> www.badmintonmart.com /shop/skin/email/img subb_r1.gif
2010.06.03 19:08 B D:\배드민턴마트\design\email\img\subb_t1.gif --> www.badmintonmart.com /shop/skin/email/img subb_t1.gif
2010.06.03 19:08 B D:\배드민턴마트\design\email\img\subb_t2.gif --> www.badmintonmart.com /shop/skin/email/img subb_t2.gif
2010.06.03 19:08 B D:\배드민턴마트\design\email\img\subb_t3.gif --> www.badmintonmart.com /shop/skin/email/img subb_t3.gif
2010.06.03 19:08 B D:\배드민턴마트\design\email\img\table_B.jpg --> www.badmintonmart.com /shop/skin/email/img table_B.jpg
2010.06.03 19:08 B D:\배드민턴마트\design\email\img\table_M_bg.jpg --> www.badmintonmart.com /shop/skin/email/img table_M_bg.jpg
2010.06.03 19:08 B D:\배드민턴마트\design\email\img\table_T_Logo.jpg --> www.badmintonmart.com /shop/skin/email/img table_T_Logo.jpg
2010.06.03 19:08 B D:\배드민턴마트\design\email\img\text_idlost.gif --> www.badmintonmart.com /shop/skin/email/img text_idlost.gif
2010.06.03 19:08 B D:\배드민턴마트\design\email\img\text_mem.gif --> www.badmintonmart.com /shop/skin/email/img text_mem.gif
2010.06.03 19:08 B D:\배드민턴마트\design\email\img\text_order.gif --> www.badmintonmart.com /shop/skin/email/img text_order.gif
2010.06.03 19:08 B D:\배드민턴마트\design\email\img\text_pwlost.gif --> www.badmintonmart.com /shop/skin/email/img text_pwlost.gif
2010.06.03 19:08 B D:\배드민턴마트\design\email\img\Thumbs.db --> www.badmintonmart.com /shop/skin/email/img Thumbs.db
2010.06.03 19:08 B D:\배드민턴마트\design\email\img\title_icon.gif --> www.badmintonmart.com /shop/skin/email/img title_icon.gif
2011.04.25 18:40 B E:\work\커피키바\마트\skin\email\img\WS_FTP.LOG <-- 배드민턴마트 /shop/skin/email/img WS_FTP.LOG
2011.04.25 19:03 B E:\work\커피키바\마트\skin\email\img\dot01.gif --> w.coffeekiva.com /www/skin/email/img dot01.gif
2011.04.25 19:03 B E:\work\커피키바\마트\skin\email\img\login_img01.gif --> w.coffeekiva.com /www/skin/email/img login_img01.gif
2011.04.25 19:04 B E:\work\커피키바\마트\skin\email\img\login_img02.gif --> w.coffeekiva.com /www/skin/email/img login_img02.gif
2011.04.25 19:04 B E:\work\커피키바\마트\skin\email\img\login_img03.gif --> w.coffeekiva.com /www/skin/email/img login_img03.gif
2011.04.25 19:04 B E:\work\커피키바\마트\skin\email\img\subb_b1.gif --> w.coffeekiva.com /www/skin/email/img subb_b1.gif
2011.04.25 19:04 B E:\work\커피키바\마트\skin\email\img\subb_b2.gif --> w.coffeekiva.com /www/skin/email/img subb_b2.gif
2011.04.25 19:04 B E:\work\커피키바\마트\skin\email\img\subb_b3.gif --> w.coffeekiva.com /www/skin/email/img subb_b3.gif
2011.04.25 19:04 B E:\work\커피키바\마트\skin\email\img\subb_l1.gif --> w.coffeekiva.com /www/skin/email/img subb_l1.gif
2011.04.25 19:04 B E:\work\커피키바\마트\skin\email\img\subb_r1.gif --> w.coffeekiva.com /www/skin/email/img subb_r1.gif
2011.04.25 19:04 B E:\work\커피키바\마트\skin\email\img\subb_t1.gif --> w.coffeekiva.com /www/skin/email/img subb_t1.gif
2011.04.25 19:04 B E:\work\커피키바\마트\skin\email\img\subb_t2.gif --> w.coffeekiva.com /www/skin/email/img subb_t2.gif
2011.04.25 19:04 B E:\work\커피키바\마트\skin\email\img\subb_t3.gif --> w.coffeekiva.com /www/skin/email/img subb_t3.gif
2011.04.25 19:04 B E:\work\커피키바\마트\skin\email\img\table_B.jpg --> w.coffeekiva.com /www/skin/email/img table_B.jpg
2011.04.25 19:04 B E:\work\커피키바\마트\skin\email\img\table_M_bg.jpg --> w.coffeekiva.com /www/skin/email/img table_M_bg.jpg
2011.04.25 19:04 B E:\work\커피키바\마트\skin\email\img\table_T_Logo.jpg --> w.coffeekiva.com /www/skin/email/img table_T_Logo.jpg
2011.04.25 19:04 B E:\work\커피키바\마트\skin\email\img\text_idlost.gif --> w.coffeekiva.com /www/skin/email/img text_idlost.gif
2011.04.25 19:04 B E:\work\커피키바\마트\skin\email\img\text_mem.gif --> w.coffeekiva.com /www/skin/email/img text_mem.gif
2011.04.25 19:04 B E:\work\커피키바\마트\skin\email\img\text_order.gif --> w.coffeekiva.com /www/skin/email/img text_order.gif
2011.04.25 19:04 B E:\work\커피키바\마트\skin\email\img\text_pwlost.gif --> w.coffeekiva.com /www/skin/email/img text_pwlost.gif
2011.04.25 19:04 B E:\work\커피키바\마트\skin\email\img\Thumbs.db --> w.coffeekiva.com /www/skin/email/img Thumbs.db
2011.04.25 19:04 B E:\work\커피키바\마트\skin\email\img\title_icon.gif --> w.coffeekiva.com /www/skin/email/img title_icon.gif
